# project  configured on Sun Jul 30 20:18:19 2017 by
# waf 1.7.11 (abi 98, python 2070af0 on darwin)
# using /Users/kyleking/Library/Application Support/Pebble SDK/SDKs/current/sdk-core/pebble/waf configure
#
----------------------------------------
Setting top to
/Users/kyleking/Developer/My-Programming-Sketchbook/Pebble/hello_world
----------------------------------------
Setting out to
/Users/kyleking/Developer/My-Programming-Sketchbook/Pebble/hello_world/build
----------------------------------------
Checking for program webpack
/Users/kyleking/Library/Application Support/Pebble SDK/SDKs/current/node_modules/.bin/webpack
find program=['webpack'] paths=['/Users/kyleking/Library/Application Support/Pebble SDK/SDKs/current/node_modules/.bin'] var='WEBPACK' -> '/Users/kyleking/Library/Application Support/Pebble SDK/SDKs/current/node_modules/.bin/webpack'
----------------------------------------
Checking for program node,nodejs
/usr/local/bin/node
find program=['node', 'nodejs'] paths=['/usr/local/Cellar/pebble-toolchain/2.0/arm-cs-tools/bin', '/anaconda/bin', '/Applications/MATLAB_R2015b.app/bin/maci64/', '/Users/kyleking/anaconda/bin', '/Library/Frameworks/Python.framework/Versions/3.4/bin', '/Users/kyleking/.parts/autoparts/bin', '/opt/local/bin', '/opt/local/sbin', '/opt/local/bin', '/opt/local/sbin', '/usr/local/bin', '/usr/bin', '/bin', '/usr/sbin', '/sbin', '/opt/X11/bin', '/usr/local/git/bin', '/usr/texbin', '/Users/kyleking/.rvm/bin', '/Users/kyleking/bin/'] var='NODE' -> '/usr/local/bin/node'
----------------------------------------
Found Pebble SDK for emery in:
/Users/kyleking/Library/Application Support/Pebble SDK/SDKs/current/sdk-core/pebble/emery
----------------------------------------
Checking for program gcc,cc
arm-none-eabi-gcc
find program=['gcc', 'cc'] paths='' var='CC' -> 'arm-none-eabi-gcc'
----------------------------------------
Checking for program ar
arm-none-eabi-ar
find program=['ar'] paths='' var='AR' -> 'arm-none-eabi-ar'
----------------------------------------
Found Pebble SDK for diorite in:
/Users/kyleking/Library/Application Support/Pebble SDK/SDKs/current/sdk-core/pebble/diorite
----------------------------------------
Checking for program gcc,cc
arm-none-eabi-gcc
find program=['gcc', 'cc'] paths='' var='CC' -> 'arm-none-eabi-gcc'
----------------------------------------
Checking for program ar
arm-none-eabi-ar
find program=['ar'] paths='' var='AR' -> 'arm-none-eabi-ar'
----------------------------------------
Found Pebble SDK for chalk in:
/Users/kyleking/Library/Application Support/Pebble SDK/SDKs/current/sdk-core/pebble/chalk
----------------------------------------
Checking for program gcc,cc
arm-none-eabi-gcc
find program=['gcc', 'cc'] paths='' var='CC' -> 'arm-none-eabi-gcc'
----------------------------------------
Checking for program ar
arm-none-eabi-ar
find program=['ar'] paths='' var='AR' -> 'arm-none-eabi-ar'
----------------------------------------
Found Pebble SDK for basalt in:
/Users/kyleking/Library/Application Support/Pebble SDK/SDKs/current/sdk-core/pebble/basalt
----------------------------------------
Checking for program gcc,cc
arm-none-eabi-gcc
find program=['gcc', 'cc'] paths='' var='CC' -> 'arm-none-eabi-gcc'
----------------------------------------
Checking for program ar
arm-none-eabi-ar
find program=['ar'] paths='' var='AR' -> 'arm-none-eabi-ar'
